#
# There is insufficient memory for the Java Runtime Environment to continue.
# Native memory allocation (malloc) failed to allocate 1382592 bytes. Error detail: Chunk::new
# Possible reasons:
#   The system is out of physical RAM or swap space
#   This process is running with CompressedOops enabled, and the Java Heap may be blocking the growth of the native heap
# Possible solutions:
#   Reduce memory load on the system
#   Increase physical memory or swap space
#   Check if swap backing store is full
#   Decrease Java heap size (-Xmx/-Xms)
#   Decrease number of Java threads
#   Decrease Java thread stack sizes (-Xss)
#   Set larger code cache with -XX:ReservedCodeCacheSize=
#   JVM is running with Unscaled Compressed Oops mode in which the Java heap is
#     placed in the first 4GB address space. The Java Heap base address is the
#     maximum limit for the native heap growth. Please use -XX:HeapBaseMinAddress
#     to set the Java Heap base and to place the Java Heap above 4GB virtual address.
# This output file may be truncated or incomplete.
#
#  Out of Memory Error (arena.cpp:162), pid=1684, tid=7664
#
# JRE version: Java(TM) SE Runtime Environment (24.0+36) (build 24+36-3646)
# Java VM: Java HotSpot(TM) 64-Bit Server VM (24+36-3646, mixed mode, sharing, tiered, compressed oops, compressed class ptrs, parallel gc, windows-amd64)
# No core dump will be written. Minidumps are not enabled by default on client versions of Windows
#

---------------  S U M M A R Y ------------

Command Line: -Djdk.xml.maxGeneralEntitySizeLimit=0 -Djdk.xml.totalEntitySizeLimit=0 --add-modules=ALL-SYSTEM --add-opens=java.base/java.util=ALL-UNNAMED --add-opens=java.base/java.lang=ALL-UNNAMED --add-opens=java.base/sun.nio.fs=ALL-UNNAMED -Declipse.application=org.eclipse.jdt.ls.core.id1 -Dosgi.bundles.defaultStartLevel=4 -Declipse.product=org.eclipse.jdt.ls.core.product -Djava.import.generatesMetadataFilesAtProjectRoot=false -DDetectVMInstallationsJob.disabled=true -Dfile.encoding=utf8 -XX:+UseParallelGC -XX:GCTimeRatio=4 -XX:AdaptiveSizePolicyWeight=90 -Dsun.zip.disableMemoryMapping=true -Xmx2G -Xms100m -Xlog:disable -javaagent:c:\Users\123\.vscode\extensions\redhat.java-1.50.0-win32-x64\lombok\lombok-1.18.39-4050.jar -XX:+HeapDumpOnOutOfMemoryError -XX:HeapDumpPath=c:\Users\123\AppData\Roaming\Code\User\workspaceStorage\2cc405f30aae85d7a1511c0595a4f7e2\redhat.java -Daether.dependencyCollector.impl=bf c:\Users\123\.vscode\extensions\redhat.java-1.50.0-win32-x64\server\plugins\org.eclipse.equinox.launcher_1.7.100.v20251111-0406.jar -configuration c:\Users\123\AppData\Roaming\Code\User\globalStorage\redhat.java\1.50.0\config_win -data c:\Users\123\AppData\Roaming\Code\User\workspaceStorage\2cc405f30aae85d7a1511c0595a4f7e2\redhat.java\jdt_ws --pipe=\\.\pipe\lsp-d76bd0cd1266549c81e7a058e6bf3ba5-sock

Host: AMD Ryzen 5 5500U with Radeon Graphics         , 12 cores, 5G,  Windows 11 , 64 bit Build 26100 (10.0.26100.7309)
Time: Sat Dec 27 16:24:40 2025  Windows 11 , 64 bit Build 26100 (10.0.26100.7309) elapsed time: 9.461541 seconds (0d 0h 0m 9s)

---------------  T H R E A D  ---------------

Current thread (0x0000022b121f4fe0):  JavaThread "C2 CompilerThread0" daemon [_thread_in_native, id=7664, stack(0x0000005613e00000,0x0000005613f00000) (1024K)]


Current CompileTask:
C2:9461 3728       4       java.lang.invoke.MethodType::makeImpl (155 bytes)

Stack: [0x0000005613e00000,0x0000005613f00000]
Native frames: (J=compiled Java code, j=interpreted, Vv=VM code, C=native code)
V  [jvm.dll+0x7308c9]  (no source info available)
V  [jvm.dll+0x8d9ca3]  (no source info available)
V  [jvm.dll+0x8dc13d]  (no source info available)
V  [jvm.dll+0x8dc7b3]  (no source info available)
V  [jvm.dll+0x2aa046]  (no source info available)
V  [jvm.dll+0xced8f]  (no source info available)
V  [jvm.dll+0xcefef]  (no source info available)
V  [jvm.dll+0x3f37dc]  (no source info available)
V  [jvm.dll+0x205def]  (no source info available)
V  [jvm.dll+0x26f7b0]  (no source info available)
V  [jvm.dll+0x26e9ff]  (no source info available)
V  [jvm.dll+0x1e9d00]  (no source info available)
V  [jvm.dll+0x27e1bb]  (no source info available)
V  [jvm.dll+0x27c45a]  (no source info available)
V  [jvm.dll+0x42f566]  (no source info available)
V  [jvm.dll+0x87d8fb]  (no source info available)
V  [jvm.dll+0x72efe5]  (no source info available)
C  [ucrtbase.dll+0x37b0]  (no source info available)
C  [KERNEL32.DLL+0x2e8d7]  (no source info available)
C  [ntdll.dll+0x8c53c]  (no source info available)

Lock stack of current Java thread (top to bottom):


---------------  P R O C E S S  ---------------

Threads class SMR info:
_java_thread_list=0x0000022b135cb850, length=23, elements={
0x0000022ab73c28f0, 0x0000022ab7460fc0, 0x0000022ab7463f00, 0x0000022ab7466c80,
0x0000022ab746ab90, 0x0000022ab746d510, 0x0000022ab746fee0, 0x0000022b121f4fe0,
0x0000022ab747e110, 0x0000022b135ee670, 0x0000022b136467d0, 0x0000022b14b4c620,
0x0000022b19030d10, 0x0000022b14ad6600, 0x0000022b14ad6d40, 0x0000022b192e7c60,
0x0000022b14a93790, 0x0000022b14a94630, 0x0000022b14a94d80, 0x0000022b14a954d0,
0x0000022b14a95c20, 0x0000022b14717040, 0x0000022b1947c100
}

Java Threads: ( => current thread )
  0x0000022ab73c28f0 JavaThread "main"                              [_thread_blocked, id=27592, stack(0x0000005613400000,0x0000005613500000) (1024K)]
  0x0000022ab7460fc0 JavaThread "Reference Handler"          daemon [_thread_blocked, id=8328, stack(0x0000005613800000,0x0000005613900000) (1024K)]
  0x0000022ab7463f00 JavaThread "Finalizer"                  daemon [_thread_blocked, id=5428, stack(0x0000005613900000,0x0000005613a00000) (1024K)]
  0x0000022ab7466c80 JavaThread "Signal Dispatcher"          daemon [_thread_blocked, id=16228, stack(0x0000005613a00000,0x0000005613b00000) (1024K)]
  0x0000022ab746ab90 JavaThread "Attach Listener"            daemon [_thread_blocked, id=10216, stack(0x0000005613b00000,0x0000005613c00000) (1024K)]
  0x0000022ab746d510 JavaThread "Service Thread"             daemon [_thread_blocked, id=26900, stack(0x0000005613c00000,0x0000005613d00000) (1024K)]
  0x0000022ab746fee0 JavaThread "Monitor Deflation Thread"   daemon [_thread_blocked, id=28532, stack(0x0000005613d00000,0x0000005613e00000) (1024K)]
=>0x0000022b121f4fe0 JavaThread "C2 CompilerThread0"         daemon [_thread_in_native, id=7664, stack(0x0000005613e00000,0x0000005613f00000) (1024K)]
  0x0000022ab747e110 JavaThread "C1 CompilerThread0"         daemon [_thread_in_native, id=25952, stack(0x0000005613f00000,0x0000005614000000) (1024K)]
  0x0000022b135ee670 JavaThread "Common-Cleaner"             daemon [_thread_blocked, id=16164, stack(0x0000005614000000,0x0000005614100000) (1024K)]
  0x0000022b136467d0 JavaThread "Notification Thread"        daemon [_thread_blocked, id=21216, stack(0x0000005614100000,0x0000005614200000) (1024K)]
  0x0000022b14b4c620 JavaThread "Active Thread: Equinox Container: dd3f20f0-33be-4809-9aeb-0799e2235c90"        [_thread_blocked, id=25508, stack(0x0000005614600000,0x0000005614700000) (1024K)]
  0x0000022b19030d10 JavaThread "Refresh Thread: Equinox Container: dd3f20f0-33be-4809-9aeb-0799e2235c90" daemon [_thread_blocked, id=25276, stack(0x0000005614800000,0x0000005614900000) (1024K)]
  0x0000022b14ad6600 JavaThread "Framework Event Dispatcher: Equinox Container: dd3f20f0-33be-4809-9aeb-0799e2235c90" daemon [_thread_blocked, id=29516, stack(0x0000005614900000,0x0000005614a00000) (1024K)]
  0x0000022b14ad6d40 JavaThread "Start Level: Equinox Container: dd3f20f0-33be-4809-9aeb-0799e2235c90" daemon [_thread_in_Java, id=13040, stack(0x0000005614a00000,0x0000005614b00000) (1024K)]
  0x0000022b192e7c60 JavaThread "Bundle File Closer"         daemon [_thread_blocked, id=12512, stack(0x0000005614d00000,0x0000005614e00000) (1024K)]
  0x0000022b14a93790 JavaThread "SCR Component Actor"        daemon [_thread_blocked, id=20476, stack(0x0000005614e00000,0x0000005614f00000) (1024K)]
  0x0000022b14a94630 JavaThread "Worker-JM"                         [_thread_blocked, id=25768, stack(0x0000005614f00000,0x0000005615000000) (1024K)]
  0x0000022b14a94d80 JavaThread "JNA Cleaner"                daemon [_thread_blocked, id=17456, stack(0x0000005615300000,0x0000005615400000) (1024K)]
  0x0000022b14a954d0 JavaThread "Worker-0: Repository registry initialization"        [_thread_in_vm, id=25668, stack(0x0000005615000000,0x0000005615100000) (1024K)]
  0x0000022b14a95c20 JavaThread "Worker-1"                          [_thread_blocked, id=6696, stack(0x0000005615400000,0x0000005615500000) (1024K)]
  0x0000022b14717040 JavaThread "C2 CompilerThread1"         daemon [_thread_in_native, id=9264, stack(0x0000005615500000,0x0000005615600000) (1024K)]
  0x0000022b1947c100 JavaThread "Worker-2"                          [_thread_blocked, id=23696, stack(0x0000005615600000,0x0000005615700000) (1024K)]
Total: 23

Other Threads:
  0x0000022b13551bc0 VMThread "VM Thread"                           [id=2312, stack(0x0000005613700000,0x0000005613800000) (1024K)]
  0x0000022b120dca00 WatcherThread "VM Periodic Task Thread"        [id=2556, stack(0x0000005613600000,0x0000005613700000) (1024K)]
  0x0000022ab73e0310 WorkerThread "GC Thread#0"                     [id=19004, stack(0x0000005613500000,0x0000005613600000) (1024K)]
  0x0000022b14af39e0 WorkerThread "GC Thread#1"                     [id=7884, stack(0x0000005614300000,0x0000005614400000) (1024K)]
  0x0000022b14ba41b0 WorkerThread "GC Thread#2"                     [id=6240, stack(0x0000005614400000,0x0000005614500000) (1024K)]
  0x0000022b14a715d0 WorkerThread "GC Thread#3"                     [id=25124, stack(0x0000005614500000,0x0000005614600000) (1024K)]
  0x0000022b19010790 WorkerThread "GC Thread#4"                     [id=11500, stack(0x0000005614700000,0x0000005614800000) (1024K)]
  0x0000022b1925eb50 WorkerThread "GC Thread#5"                     [id=23412, stack(0x0000005614b00000,0x0000005614c00000) (1024K)]
  0x0000022b1925ef00 WorkerThread "GC Thread#6"                     [id=23592, stack(0x0000005614c00000,0x0000005614d00000) (1024K)]
  0x0000022b194ce5f0 WorkerThread "GC Thread#7"                     [id=26672, stack(0x0000005614200000,0x0000005614300000) (1024K)]
  0x0000022b1962d1b0 WorkerThread "GC Thread#8"                     [id=16108, stack(0x0000005615100000,0x0000005615200000) (1024K)]
  0x0000022b1962ce00 WorkerThread "GC Thread#9"                     [id=12484, stack(0x0000005615200000,0x0000005615300000) (1024K)]
Total: 12

Threads with active compile tasks:
C2 CompilerThread0  9621 3728       4       java.lang.invoke.MethodType::makeImpl (155 bytes)
C2 CompilerThread1  9621 4055       4       java.lang.invoke.MethodType::methodType (69 bytes)
Total: 2

VM state: not at safepoint (normal execution)

VM Mutex/Monitor currently owned by a thread: None

Heap address: 0x0000000080000000, size: 2048 MB, Compressed Oops mode: 32-bit

CDS archive(s) mapped at: [0x0000022ad1000000-0x0000022ad1d40000-0x0000022ad1d40000), size 13893632, SharedBaseAddress: 0x0000022ad1000000, ArchiveRelocationMode: 1.
Compressed class space mapped at: 0x0000022ad2000000-0x0000022b12000000, reserved size: 1073741824
UseCompressedClassPointers 1, UseCompactObjectHeaders 0
Narrow klass pointer bits 32, Max shift 3
Narrow klass base: 0x0000022ad1000000, Narrow klass shift: 0
Encoding Range: [0x0000022ad1000000 - 0x0000022bd1000000), (4294967296 bytes)
Klass Range:    [0x0000022ad1000000 - 0x0000022b12000000), (1090519040 bytes)
Klass ID Range:  [8 - 1090519033) (1090519025)

GC Precious Log:
 CardTable entry size: 512
 CPUs: 12 total, 12 available
 Memory: 5989M
 Large Page Support: Disabled
 NUMA Support: Disabled
 Compressed Oops: Enabled (32-bit)
 Alignments: Space 512K, Generation 512K, Heap 2M
 Heap Min Capacity: 100M
 Heap Initial Capacity: 100M
 Heap Max Capacity: 2G
 Pre-touch: Disabled
 Parallel Workers: 10

Heap:
 PSYoungGen      total 29696K, used 14591K [0x00000000d5580000, 0x00000000d7900000, 0x0000000100000000)
  eden space 24576K, 59% used [0x00000000d5580000,0x00000000d63bfd00,0x00000000d6d80000)
  from space 5120K, 0% used [0x00000000d7400000,0x00000000d7400000,0x00000000d7900000)
  to   space 5632K, 0% used [0x00000000d6e00000,0x00000000d6e00000,0x00000000d7380000)
 ParOldGen       total 68608K, used 14063K [0x0000000080000000, 0x0000000084300000, 0x00000000d5580000)
  object space 68608K, 20% used [0x0000000080000000,0x0000000080dbbee8,0x0000000084300000)
 Metaspace       used 22588K, committed 23360K, reserved 1114112K
  class space    used 1946K, committed 2240K, reserved 1048576K

Card table byte_map: [0x0000022ab6e10000,0x0000022ab7210000] _byte_map_base: 0x0000022ab6a10000

Marking Bits: (ParMarkBitMap*) 0x00007ffaefa898a0
 Begin Bits: [0x0000022acef10000, 0x0000022ad0f10000)

Polling page: 0x0000022ab5530000

Metaspace:

Usage:
  Non-class:     20.16 MB used.
      Class:      1.90 MB used.
       Both:     22.06 MB used.

Virtual space:
  Non-class space:       64.00 MB reserved,      20.62 MB ( 32%) committed,  1 nodes.
      Class space:        1.00 GB reserved,       2.19 MB ( <1%) committed,  1 nodes.
             Both:        1.06 GB reserved,      22.81 MB (  2%) committed. 

Chunk freelists:
   Non-Class:  11.25 MB
       Class:  13.75 MB
        Both:  25.00 MB

MaxMetaspaceSize: unlimited
CompressedClassSpaceSize: 1.00 GB
Initial GC threshold: 21.00 MB
Current GC threshold: 35.00 MB
CDS: on
 - commit_granule_bytes: 65536.
 - commit_granule_words: 8192.
 - virtual_space_node_default_size: 8388608.
 - enlarge_chunks_in_place: 1.
UseCompressedClassPointers 1, UseCompactObjectHeaders 0
Narrow klass pointer bits 32, Max shift 3
Narrow klass base: 0x0000022ad1000000, Narrow klass shift: 0
Encoding Range: [0x0000022ad1000000 - 0x0000022bd1000000), (4294967296 bytes)
Klass Range:    [0x0000022ad1000000 - 0x0000022b12000000), (1090519040 bytes)
Klass ID Range:  [8 - 1090519033) (1090519025)


Internal statistics:

num_allocs_failed_limit: 3.
num_arena_births: 540.
num_arena_deaths: 14.
num_vsnodes_births: 2.
num_vsnodes_deaths: 0.
num_space_committed: 365.
num_space_uncommitted: 0.
num_chunks_returned_to_freelist: 17.
num_chunks_taken_from_freelist: 1407.
num_chunk_merges: 7.
num_chunk_splits: 899.
num_chunks_enlarged: 560.
num_inconsistent_stats: 0.

CodeHeap 'non-profiled nmethods': size=120064Kb used=1345Kb max_used=1345Kb free=118718Kb
 bounds [0x0000022ac7720000, 0x0000022ac7990000, 0x0000022acec60000]
CodeHeap 'profiled nmethods': size=120000Kb used=7263Kb max_used=7263Kb free=112736Kb
 bounds [0x0000022abfc60000, 0x0000022ac0380000, 0x0000022ac7190000]
CodeHeap 'non-nmethods': size=5696Kb used=1317Kb max_used=1337Kb free=4378Kb
 bounds [0x0000022ac7190000, 0x0000022ac7400000, 0x0000022ac7720000]
CodeCache: size=245760Kb, used=9925Kb, max_used=9945Kb, free=235832Kb
 total_blobs=4673, nmethods=4098, adapters=481, full_count=0
Compilation: enabled, stopped_count=0, restarted_count=0

Compilation events (20 events):
Event: 8.327 Thread 0x0000022ab747e110 4056       3       java.lang.NoSuchMethodException::<init> (6 bytes)
Event: 8.328 Thread 0x0000022ab747e110 nmethod 4056 0x0000022ac0354108 code [0x0000022ac0354240, 0x0000022ac0354430]
Event: 8.334 Thread 0x0000022ab747e110 4057       1       org.eclipse.osgi.internal.serviceregistry.ServiceUse::getLock (5 bytes)
Event: 8.334 Thread 0x0000022ab747e110 nmethod 4057 0x0000022ac786fb88 code [0x0000022ac786fc80, 0x0000022ac786fd48]
Event: 8.335 Thread 0x0000022ab747e110 4058       3       java.util.LinkedHashMap$LinkedKeyIterator::next (8 bytes)
Event: 8.335 Thread 0x0000022ab747e110 nmethod 4058 0x0000022ac0354488 code [0x0000022ac03545a0, 0x0000022ac03547f0]
Event: 8.336 Thread 0x0000022ab747e110 4059       3       org.eclipse.osgi.framework.eventmgr.ListenerQueue::<init> (38 bytes)
Event: 8.336 Thread 0x0000022ab747e110 nmethod 4059 0x0000022ac0354808 code [0x0000022ac0354960, 0x0000022ac0354d78]
Event: 8.344 Thread 0x0000022ab747e110 4061       3       org.eclipse.core.internal.preferences.EclipsePreferences::node (8 bytes)
Event: 8.345 Thread 0x0000022ab747e110 nmethod 4061 0x0000022ac0354e08 code [0x0000022ac0354f20, 0x0000022ac03550f8]
Event: 8.345 Thread 0x0000022ab747e110 4062       3       org.eclipse.core.runtime.Assert::isNotNull (19 bytes)
Event: 8.346 Thread 0x0000022ab747e110 nmethod 4062 0x0000022ac0355188 code [0x0000022ac03552c0, 0x0000022ac0355520]
Event: 8.352 Thread 0x0000022ab747e110 4063       3       java.lang.StringConcatHelper::stringSize (10 bytes)
Event: 8.353 Thread 0x0000022ab747e110 nmethod 4063 0x0000022ac0355588 code [0x0000022ac03556c0, 0x0000022ac0355ae8]
Event: 8.353 Thread 0x0000022ab747e110 4064       1       org.eclipse.core.internal.dtree.AbstractDataTreeNode::isDelta (2 bytes)
Event: 8.353 Thread 0x0000022ab747e110 nmethod 4064 0x0000022ac786fe88 code [0x0000022ac786ff80, 0x0000022ac7870048]
Event: 8.441 Thread 0x0000022ab747e110 4065       3       java.util.concurrent.atomic.AtomicInteger::incrementAndGet (14 bytes)
Event: 8.442 Thread 0x0000022ab747e110 nmethod 4065 0x0000022ac0355b88 code [0x0000022ac0355ca0, 0x0000022ac0355db8]
Event: 8.456 Thread 0x0000022ab747e110 4066       3       java.lang.ClassLoader::getClassLoadingLock (35 bytes)
Event: 8.457 Thread 0x0000022ab747e110 nmethod 4066 0x0000022ac0355e88 code [0x0000022ac0355fc0, 0x0000022ac0356398]

GC Heap History (14 events):
Event: 1.971 GC heap before
{Heap before GC invocations=1 (full 0):
 PSYoungGen      total 29696K, used 25600K [0x00000000d5580000, 0x00000000d7680000, 0x0000000100000000)
  eden space 25600K, 100% used [0x00000000d5580000,0x00000000d6e80000,0x00000000d6e80000)
  from space 4096K, 0% used [0x00000000d7280000,0x00000000d7280000,0x00000000d7680000)
  to   space 4096K, 0% used [0x00000000d6e80000,0x00000000d6e80000,0x00000000d7280000)
 ParOldGen       total 68608K, used 1140K [0x0000000080000000, 0x0000000084300000, 0x00000000d5580000)
  object space 68608K, 1% used [0x0000000080000000,0x000000008011d3c0,0x0000000084300000)
 Metaspace       used 4283K, committed 4544K, reserved 1114112K
  class space    used 368K, committed 512K, reserved 1048576K
}
Event: 1.985 GC heap after
{Heap after GC invocations=1 (full 0):
 PSYoungGen      total 29696K, used 3244K [0x00000000d5580000, 0x00000000d7680000, 0x0000000100000000)
  eden space 25600K, 0% used [0x00000000d5580000,0x00000000d5580000,0x00000000d6e80000)
  from space 4096K, 79% used [0x00000000d6e80000,0x00000000d71ab3e8,0x00000000d7280000)
  to   space 4096K, 0% used [0x00000000d7280000,0x00000000d7280000,0x00000000d7680000)
 ParOldGen       total 68608K, used 1148K [0x0000000080000000, 0x0000000084300000, 0x00000000d5580000)
  object space 68608K, 1% used [0x0000000080000000,0x000000008011f3c0,0x0000000084300000)
 Metaspace       used 4283K, committed 4544K, reserved 1114112K
  class space    used 368K, committed 512K, reserved 1048576K
}
Event: 3.348 GC heap before
{Heap before GC invocations=2 (full 0):
 PSYoungGen      total 29696K, used 28844K [0x00000000d5580000, 0x00000000d7680000, 0x0000000100000000)
  eden space 25600K, 100% used [0x00000000d5580000,0x00000000d6e80000,0x00000000d6e80000)
  from space 4096K, 79% used [0x00000000d6e80000,0x00000000d71ab3e8,0x00000000d7280000)
  to   space 4096K, 0% used [0x00000000d7280000,0x00000000d7280000,0x00000000d7680000)
 ParOldGen       total 68608K, used 1148K [0x0000000080000000, 0x0000000084300000, 0x00000000d5580000)
  object space 68608K, 1% used [0x0000000080000000,0x000000008011f3c0,0x0000000084300000)
 Metaspace       used 7934K, committed 8192K, reserved 1114112K
  class space    used 653K, committed 768K, reserved 1048576K
}
Event: 3.356 GC heap after
{Heap after GC invocations=2 (full 0):
 PSYoungGen      total 29696K, used 4064K [0x00000000d5580000, 0x00000000d7680000, 0x0000000100000000)
  eden space 25600K, 0% used [0x00000000d5580000,0x00000000d5580000,0x00000000d6e80000)
  from space 4096K, 99% used [0x00000000d7280000,0x00000000d7678138,0x00000000d7680000)
  to   space 4096K, 0% used [0x00000000d6e80000,0x00000000d6e80000,0x00000000d7280000)
 ParOldGen       total 68608K, used 2572K [0x0000000080000000, 0x0000000084300000, 0x00000000d5580000)
  object space 68608K, 3% used [0x0000000080000000,0x00000000802833e0,0x0000000084300000)
 Metaspace       used 7934K, committed 8192K, reserved 1114112K
  class space    used 653K, committed 768K, reserved 1048576K
}
Event: 3.902 GC heap before
{Heap before GC invocations=3 (full 0):
 PSYoungGen      total 29696K, used 29664K [0x00000000d5580000, 0x00000000d7680000, 0x0000000100000000)
  eden space 25600K, 100% used [0x00000000d5580000,0x00000000d6e80000,0x00000000d6e80000)
  from space 4096K, 99% used [0x00000000d7280000,0x00000000d7678138,0x00000000d7680000)
  to   space 4096K, 0% used [0x00000000d6e80000,0x00000000d6e80000,0x00000000d7280000)
 ParOldGen       total 68608K, used 2572K [0x0000000080000000, 0x0000000084300000, 0x00000000d5580000)
  object space 68608K, 3% used [0x0000000080000000,0x00000000802833e0,0x0000000084300000)
 Metaspace       used 9395K, committed 9728K, reserved 1114112K
  class space    used 824K, committed 960K, reserved 1048576K
}
Event: 3.908 GC heap after
{Heap after GC invocations=3 (full 0):
 PSYoungGen      total 29696K, used 4069K [0x00000000d5580000, 0x00000000d7680000, 0x0000000100000000)
  eden space 25600K, 0% used [0x00000000d5580000,0x00000000d5580000,0x00000000d6e80000)
  from space 4096K, 99% used [0x00000000d6e80000,0x00000000d7279450,0x00000000d7280000)
  to   space 4096K, 0% used [0x00000000d7280000,0x00000000d7280000,0x00000000d7680000)
 ParOldGen       total 68608K, used 4655K [0x0000000080000000, 0x0000000084300000, 0x00000000d5580000)
  object space 68608K, 6% used [0x0000000080000000,0x000000008048bc50,0x0000000084300000)
 Metaspace       used 9395K, committed 9728K, reserved 1114112K
  class space    used 824K, committed 960K, reserved 1048576K
}
Event: 4.862 GC heap before
{Heap before GC invocations=4 (full 0):
 PSYoungGen      total 29696K, used 29669K [0x00000000d5580000, 0x00000000d7680000, 0x0000000100000000)
  eden space 25600K, 100% used [0x00000000d5580000,0x00000000d6e80000,0x00000000d6e80000)
  from space 4096K, 99% used [0x00000000d6e80000,0x00000000d7279450,0x00000000d7280000)
  to   space 4096K, 0% used [0x00000000d7280000,0x00000000d7280000,0x00000000d7680000)
 ParOldGen       total 68608K, used 4655K [0x0000000080000000, 0x0000000084300000, 0x00000000d5580000)
  object space 68608K, 6% used [0x0000000080000000,0x000000008048bc50,0x0000000084300000)
 Metaspace       used 11591K, committed 11968K, reserved 1114112K
  class space    used 994K, committed 1152K, reserved 1048576K
}
Event: 4.870 GC heap after
{Heap after GC invocations=4 (full 0):
 PSYoungGen      total 29696K, used 4088K [0x00000000d5580000, 0x00000000d7680000, 0x0000000100000000)
  eden space 25600K, 0% used [0x00000000d5580000,0x00000000d5580000,0x00000000d6e80000)
  from space 4096K, 99% used [0x00000000d7280000,0x00000000d767e060,0x00000000d7680000)
  to   space 4096K, 0% used [0x00000000d6e80000,0x00000000d6e80000,0x00000000d7280000)
 ParOldGen       total 68608K, used 7032K [0x0000000080000000, 0x0000000084300000, 0x00000000d5580000)
  object space 68608K, 10% used [0x0000000080000000,0x00000000806de0b0,0x0000000084300000)
 Metaspace       used 11591K, committed 11968K, reserved 1114112K
  class space    used 994K, committed 1152K, reserved 1048576K
}
Event: 5.640 GC heap before
{Heap before GC invocations=5 (full 0):
 PSYoungGen      total 29696K, used 29688K [0x00000000d5580000, 0x00000000d7680000, 0x0000000100000000)
  eden space 25600K, 100% used [0x00000000d5580000,0x00000000d6e80000,0x00000000d6e80000)
  from space 4096K, 99% used [0x00000000d7280000,0x00000000d767e060,0x00000000d7680000)
  to   space 4096K, 0% used [0x00000000d6e80000,0x00000000d6e80000,0x00000000d7280000)
 ParOldGen       total 68608K, used 7032K [0x0000000080000000, 0x0000000084300000, 0x00000000d5580000)
  object space 68608K, 10% used [0x0000000080000000,0x00000000806de0b0,0x0000000084300000)
 Metaspace       used 15435K, committed 15936K, reserved 1114112K
  class space    used 1291K, committed 1472K, reserved 1048576K
}
Event: 5.649 GC heap after
{Heap after GC invocations=5 (full 0):
 PSYoungGen      total 29184K, used 4095K [0x00000000d5580000, 0x00000000d7a00000, 0x0000000100000000)
  eden space 25088K, 0% used [0x00000000d5580000,0x00000000d5580000,0x00000000d6e00000)
  from space 4096K, 99% used [0x00000000d6e80000,0x00000000d727fe18,0x00000000d7280000)
  to   space 6144K, 0% used [0x00000000d7400000,0x00000000d7400000,0x00000000d7a00000)
 ParOldGen       total 68608K, used 8399K [0x0000000080000000, 0x0000000084300000, 0x00000000d5580000)
  object space 68608K, 12% used [0x0000000080000000,0x0000000080833d58,0x0000000084300000)
 Metaspace       used 15435K, committed 15936K, reserved 1114112K
  class space    used 1291K, committed 1472K, reserved 1048576K
}
Event: 7.019 GC heap before
{Heap before GC invocations=6 (full 0):
 PSYoungGen      total 29184K, used 29183K [0x00000000d5580000, 0x00000000d7a00000, 0x0000000100000000)
  eden space 25088K, 100% used [0x00000000d5580000,0x00000000d6e00000,0x00000000d6e00000)
  from space 4096K, 99% used [0x00000000d6e80000,0x00000000d727fe18,0x00000000d7280000)
  to   space 6144K, 0% used [0x00000000d7400000,0x00000000d7400000,0x00000000d7a00000)
 ParOldGen       total 68608K, used 8399K [0x0000000080000000, 0x0000000084300000, 0x00000000d5580000)
  object space 68608K, 12% used [0x0000000080000000,0x0000000080833d58,0x0000000084300000)
 Metaspace       used 18778K, committed 19392K, reserved 1114112K
  class space    used 1612K, committed 1856K, reserved 1048576K
}
Event: 7.026 GC heap after
{Heap after GC invocations=6 (full 0):
 PSYoungGen      total 29696K, used 5045K [0x00000000d5580000, 0x00000000d7900000, 0x0000000100000000)
  eden space 24576K, 0% used [0x00000000d5580000,0x00000000d5580000,0x00000000d6d80000)
  from space 5120K, 98% used [0x00000000d7400000,0x00000000d78ed7a0,0x00000000d7900000)
  to   space 5632K, 0% used [0x00000000d6e00000,0x00000000d6e00000,0x00000000d7380000)
 ParOldGen       total 68608K, used 8407K [0x0000000080000000, 0x0000000084300000, 0x00000000d5580000)
  object space 68608K, 12% used [0x0000000080000000,0x0000000080835d58,0x0000000084300000)
 Metaspace       used 18778K, committed 19392K, reserved 1114112K
  class space    used 1612K, committed 1856K, reserved 1048576K
}
Event: 8.151 GC heap before
{Heap before GC invocations=7 (full 1):
 PSYoungGen      total 29696K, used 27428K [0x00000000d5580000, 0x00000000d7900000, 0x0000000100000000)
  eden space 24576K, 91% used [0x00000000d5580000,0x00000000d6b5bb68,0x00000000d6d80000)
  from space 5120K, 98% used [0x00000000d7400000,0x00000000d78ed7a0,0x00000000d7900000)
  to   space 5632K, 0% used [0x00000000d6e00000,0x00000000d6e00000,0x00000000d7380000)
 ParOldGen       total 68608K, used 8407K [0x0000000080000000, 0x0000000084300000, 0x00000000d5580000)
  object space 68608K, 12% used [0x0000000080000000,0x0000000080835d58,0x0000000084300000)
 Metaspace       used 20704K, committed 21504K, reserved 1114112K
  class space    used 1810K, committed 2176K, reserved 1048576K
}
Event: 8.192 GC heap after
{Heap after GC invocations=7 (full 1):
 PSYoungGen      total 29696K, used 0K [0x00000000d5580000, 0x00000000d7900000, 0x0000000100000000)
  eden space 24576K, 0% used [0x00000000d5580000,0x00000000d5580000,0x00000000d6d80000)
  from space 5120K, 0% used [0x00000000d7400000,0x00000000d7400000,0x00000000d7900000)
  to   space 5632K, 0% used [0x00000000d6e00000,0x00000000d6e00000,0x00000000d7380000)
 ParOldGen       total 68608K, used 14063K [0x0000000080000000, 0x0000000084300000, 0x00000000d5580000)
  object space 68608K, 20% used [0x0000000080000000,0x0000000080dbbee8,0x0000000084300000)
 Metaspace       used 20691K, committed 21504K, reserved 1114112K
  class space    used 1806K, committed 2176K, reserved 1048576K
}

Dll operation events (11 events):
Event: 0.018 Loaded shared library D:\Program Files (x86)\jdk24\bin\java.dll
Event: 0.108 Loaded shared library D:\Program Files (x86)\jdk24\bin\jsvml.dll
Event: 0.227 Loaded shared library D:\Program Files (x86)\jdk24\bin\zip.dll
Event: 0.234 Loaded shared library D:\Program Files (x86)\jdk24\bin\instrument.dll
Event: 0.247 Loaded shared library D:\Program Files (x86)\jdk24\bin\net.dll
Event: 0.256 Loaded shared library D:\Program Files (x86)\jdk24\bin\nio.dll
Event: 0.265 Loaded shared library D:\Program Files (x86)\jdk24\bin\zip.dll
Event: 0.298 Loaded shared library D:\Program Files (x86)\jdk24\bin\jimage.dll
Event: 0.606 Loaded shared library D:\Program Files (x86)\jdk24\bin\verify.dll
Event: 3.439 Loaded shared library C:\Users\123\AppData\Roaming\Code\User\globalStorage\redhat.java\1.50.0\config_win\org.eclipse.equinox.launcher\org.eclipse.equinox.launcher.win32.win32.x86_64_1.2.1400.v20250801-0854\eclipse_11916.dll
Event: 6.004 Loaded shared library C:\Users\123\AppData\Local\Temp\jna-48690\jna10487964034439664026.dll

Deoptimization events (20 events):
Event: 8.002 Thread 0x0000022b14ad6d40 DEOPT PACKING pc=0x0000022ac783c988 sp=0x0000005614af1a70
Event: 8.002 Thread 0x0000022b14ad6d40 DEOPT UNPACKING pc=0x0000022ac7294702 sp=0x0000005614af19e8 mode 2
Event: 8.004 Thread 0x0000022b14ad6d40 Uncommon trap: trap_request=0xffffffde fr.pc=0x0000022ac77f5e38 relative=0x00000000000004f8
Event: 8.004 Thread 0x0000022b14ad6d40 Uncommon trap: reason=class_check action=maybe_recompile pc=0x0000022ac77f5e38 method=java.util.ImmutableCollections$MapN.probe(Ljava/lang/Object;)I @ 1 c2
Event: 8.004 Thread 0x0000022b14ad6d40 DEOPT PACKING pc=0x0000022ac77f5e38 sp=0x0000005614af2a60
Event: 8.004 Thread 0x0000022b14ad6d40 DEOPT UNPACKING pc=0x0000022ac7294702 sp=0x0000005614af2a10 mode 2
Event: 8.004 Thread 0x0000022b14ad6d40 Uncommon trap: trap_request=0xffffffde fr.pc=0x0000022ac77f5e38 relative=0x00000000000004f8
Event: 8.004 Thread 0x0000022b14ad6d40 Uncommon trap: reason=class_check action=maybe_recompile pc=0x0000022ac77f5e38 method=java.util.ImmutableCollections$MapN.probe(Ljava/lang/Object;)I @ 1 c2
Event: 8.004 Thread 0x0000022b14ad6d40 DEOPT PACKING pc=0x0000022ac77f5e38 sp=0x0000005614af2a60
Event: 8.004 Thread 0x0000022b14ad6d40 DEOPT UNPACKING pc=0x0000022ac7294702 sp=0x0000005614af2a10 mode 2
Event: 8.004 Thread 0x0000022b14ad6d40 Uncommon trap: trap_request=0xffffffde fr.pc=0x0000022ac77f5e38 relative=0x00000000000004f8
Event: 8.004 Thread 0x0000022b14ad6d40 Uncommon trap: reason=class_check action=maybe_recompile pc=0x0000022ac77f5e38 method=java.util.ImmutableCollections$MapN.probe(Ljava/lang/Object;)I @ 1 c2
Event: 8.004 Thread 0x0000022b14ad6d40 DEOPT PACKING pc=0x0000022ac77f5e38 sp=0x0000005614af2a60
Event: 8.004 Thread 0x0000022b14ad6d40 DEOPT UNPACKING pc=0x0000022ac7294702 sp=0x0000005614af2a10 mode 2
Event: 8.004 Thread 0x0000022b14ad6d40 Uncommon trap: trap_request=0xffffffde fr.pc=0x0000022ac77f5e38 relative=0x00000000000004f8
Event: 8.004 Thread 0x0000022b14ad6d40 Uncommon trap: reason=class_check action=maybe_recompile pc=0x0000022ac77f5e38 method=java.util.ImmutableCollections$MapN.probe(Ljava/lang/Object;)I @ 1 c2
Event: 8.004 Thread 0x0000022b14ad6d40 DEOPT PACKING pc=0x0000022ac77f5e38 sp=0x0000005614af2a60
Event: 8.004 Thread 0x0000022b14ad6d40 DEOPT UNPACKING pc=0x0000022ac7294702 sp=0x0000005614af2a10 mode 2
Event: 8.217 Thread 0x0000022b14ad6d40 DEOPT PACKING pc=0x0000022ac01d6c71 sp=0x0000005614af21f0
Event: 8.217 Thread 0x0000022b14ad6d40 DEOPT UNPACKING pc=0x0000022ac71e4ea2 sp=0x0000005614af1688 mode 0

Classes loaded (20 events):
Event: 8.217 Loading class java/io/ObjectStreamClass$3
Event: 8.217 Loading class java/io/ObjectStreamClass$3 done
Event: 8.229 Loading class java/io/ObjectStreamClass$ExceptionInfo
Event: 8.229 Loading class java/io/ObjectStreamClass$ExceptionInfo done
Event: 8.259 Loading class org/w3c/dom/Node
Event: 8.260 Loading class org/w3c/dom/Node done
Event: 8.260 Loading class javax/xml/transform/Result
Event: 8.260 Loading class javax/xml/transform/Result done
Event: 8.260 Loading class javax/xml/transform/Source
Event: 8.260 Loading class javax/xml/transform/Source done
Event: 8.354 Loading class java/net/Authenticator
Event: 8.355 Loading class java/net/Authenticator done
Event: 8.380 Loading class java/net/SocketAddress
Event: 8.380 Loading class java/net/SocketAddress done
Event: 8.380 Loading class java/net/InetSocketAddress
Event: 8.380 Loading class java/net/InetSocketAddress done
Event: 8.380 Loading class java/nio/channels/AsynchronousByteChannel
Event: 8.380 Loading class java/nio/channels/AsynchronousChannel
Event: 8.381 Loading class java/nio/channels/AsynchronousChannel done
Event: 8.381 Loading class java/nio/channels/AsynchronousByteChannel done

Classes unloaded (7 events):
Event: 8.157 Thread 0x0000022b13551bc0 Unloading class 0x0000022ad218d800 'java/lang/invoke/LambdaForm$MH+0x0000022ad218d800'
Event: 8.157 Thread 0x0000022b13551bc0 Unloading class 0x0000022ad218d400 'java/lang/invoke/LambdaForm$MH+0x0000022ad218d400'
Event: 8.157 Thread 0x0000022b13551bc0 Unloading class 0x0000022ad218d000 'java/lang/invoke/LambdaForm$MH+0x0000022ad218d000'
Event: 8.157 Thread 0x0000022b13551bc0 Unloading class 0x0000022ad218cc00 'java/lang/invoke/LambdaForm$MH+0x0000022ad218cc00'
Event: 8.157 Thread 0x0000022b13551bc0 Unloading class 0x0000022ad218c800 'java/lang/invoke/LambdaForm$BMH+0x0000022ad218c800'
Event: 8.157 Thread 0x0000022b13551bc0 Unloading class 0x0000022ad218c400 'java/lang/invoke/LambdaForm$DMH+0x0000022ad218c400'
Event: 8.157 Thread 0x0000022b13551bc0 Unloading class 0x0000022ad218b000 'java/lang/invoke/LambdaForm$DMH+0x0000022ad218b000'

Classes redefined (0 events):
No events

Internal exceptions (20 events):
Event: 6.868 Thread 0x0000022b14ad6d40 Exception <a 'java/lang/NoSuchMethodError'{0x00000000d6af4c08}: 'java.lang.Object java.lang.invoke.DirectMethodHandle$Holder.invokeInterface(java.lang.Object, java.lang.Object, java.lang.Object)'> (0x00000000d6af4c08) 
thrown [s\open\src\hotspot\share\interpreter\linkResolver.cpp, line 805]
Event: 7.074 Thread 0x0000022b14ad6d40 Exception <a 'java/lang/NoSuchMethodError'{0x00000000d56e2040}: 'java.lang.Object java.lang.invoke.DelegatingMethodHandle$Holder.reinvoke_L(java.lang.Object, java.lang.Object, java.lang.Object, long, java.lang.Object)'> (0x00000000d56e2040) 
thrown [s\open\src\hotspot\share\interpreter\linkResolver.cpp, line 805]
Event: 7.078 Thread 0x0000022b14ad6d40 Exception <a 'java/lang/NoSuchMethodError'{0x00000000d56f4a88}: 'java.lang.Object java.lang.invoke.Invokers$Holder.linkToTargetMethod(java.lang.Object, long, java.lang.Object, java.lang.Object)'> (0x00000000d56f4a88) 
thrown [s\open\src\hotspot\share\interpreter\linkResolver.cpp, line 805]
Event: 7.967 Thread 0x0000022b14ad6d40 Exception <a 'java/lang/NoSuchMethodError'{0x00000000d66e01b8}: 'long java.lang.invoke.Invokers$Holder.invokeExact_MT(java.lang.Object, java.lang.Object)'> (0x00000000d66e01b8) 
thrown [s\open\src\hotspot\share\interpreter\linkResolver.cpp, line 805]
Event: 8.009 Thread 0x0000022b14ad6d40 Exception <a 'java/lang/NoSuchMethodError'{0x00000000d680fbe8}: 'java.lang.Object java.lang.invoke.DirectMethodHandle$Holder.invokeStatic(java.lang.Object, java.lang.Object, java.lang.Object, java.lang.Object, int, java.lang.Object)'> (0x00000000d680fbe8) 
thrown [s\open\src\hotspot\share\interpreter\linkResolver.cpp, line 805]
Event: 8.019 Thread 0x0000022b14ad6d40 Exception <a 'java/lang/NoSuchMethodError'{0x00000000d683e1b8}: 'java.lang.Object java.lang.invoke.DirectMethodHandle$Holder.invokeStaticInit(java.lang.Object, java.lang.Object, java.lang.Object, java.lang.Object, java.lang.Object, java.lang.Object, java.lang.Object)'> (0x00000000d683e1b8) 
thrown [s\open\src\hotspot\share\interpreter\linkResolver.cpp, line 805]
Event: 8.024 Thread 0x0000022b14ad6d40 Exception <a 'java/lang/NoSuchMethodError'{0x00000000d6854d40}: 'int java.lang.invoke.DirectMethodHandle$Holder.invokeStaticInit(java.lang.Object, int, int)'> (0x00000000d6854d40) 
thrown [s\open\src\hotspot\share\interpreter\linkResolver.cpp, line 805]
Event: 8.027 Thread 0x0000022b14ad6d40 Exception <a 'java/lang/NoSuchMethodError'{0x00000000d6866370}: 'int java.lang.invoke.DirectMethodHandle$Holder.invokeStaticInit(java.lang.Object, long, long)'> (0x00000000d6866370) 
thrown [s\open\src\hotspot\share\interpreter\linkResolver.cpp, line 805]
Event: 8.032 Thread 0x0000022b14ad6d40 Exception <a 'java/lang/NoSuchMethodError'{0x00000000d68775d8}: 'int java.lang.invoke.DirectMethodHandle$Holder.invokeStaticInit(java.lang.Object, float, float)'> (0x00000000d68775d8) 
thrown [s\open\src\hotspot\share\interpreter\linkResolver.cpp, line 805]
Event: 8.035 Thread 0x0000022b14ad6d40 Exception <a 'java/lang/NoSuchMethodError'{0x00000000d68885e8}: 'int java.lang.invoke.DirectMethodHandle$Holder.invokeStaticInit(java.lang.Object, double, double)'> (0x00000000d68885e8) 
thrown [s\open\src\hotspot\share\interpreter\linkResolver.cpp, line 805]
Event: 8.037 Thread 0x0000022b14ad6d40 Exception <a 'java/lang/NoSuchMethodError'{0x00000000d68923e8}: 'int java.lang.invoke.DirectMethodHandle$Holder.invokeStatic(java.lang.Object, long)'> (0x00000000d68923e8) 
thrown [s\open\src\hotspot\share\interpreter\linkResolver.cpp, line 805]
Event: 8.040 Thread 0x0000022b14ad6d40 Exception <a 'java/lang/NoSuchMethodError'{0x00000000d68abe90}: 'java.lang.Object java.lang.invoke.DirectMethodHandle$Holder.invokeStatic(java.lang.Object, long)'> (0x00000000d68abe90) 
thrown [s\open\src\hotspot\share\interpreter\linkResolver.cpp, line 805]
Event: 8.041 Thread 0x0000022b14ad6d40 Exception <a 'java/lang/NoSuchMethodError'{0x00000000d68b5488}: 'java.lang.Object java.lang.invoke.DirectMethodHandle$Holder.invokeStatic(java.lang.Object, float)'> (0x00000000d68b5488) 
thrown [s\open\src\hotspot\share\interpreter\linkResolver.cpp, line 805]
Event: 8.051 Thread 0x0000022b14ad6d40 Exception <a 'java/lang/NoSuchMethodError'{0x00000000d68eef30}: 'int java.lang.invoke.Invokers$Holder.linkToTargetMethod(java.lang.Object, java.lang.Object)'> (0x00000000d68eef30) 
thrown [s\open\src\hotspot\share\interpreter\linkResolver.cpp, line 805]
Event: 8.143 Thread 0x0000022b14ad6d40 Exception <a 'java/lang/NoSuchMethodError'{0x00000000d6acf618}: 'java.lang.Object java.lang.invoke.DirectMethodHandle$Holder.newInvokeSpecial(java.lang.Object, java.lang.Object, java.lang.Object, java.lang.Object, java.lang.Object, java.lang.Object, java.lang.Object)'> (0x00000000d6acf618) 
thrown [s\open\src\hotspot\share\interpreter\linkResolver.cpp, line 805]
Event: 8.201 Thread 0x0000022b14ad6d40 Exception <a 'java/lang/NoSuchMethodError'{0x00000000d55a8908}: 'java.lang.Object java.lang.invoke.DirectMethodHandle$Holder.invokeStatic(java.lang.Object, java.lang.Object, java.lang.Object, java.lang.Object, java.lang.Object, java.lang.Object, java.lang.Object, java.lang.Object, java.lang.Object)'> (0x00000000d55a8908) 
thrown [s\open\src\hotspot\share\interpreter\linkResolver.cpp, line 805]
Event: 8.205 Thread 0x0000022b14ad6d40 Exception <a 'java/lang/NoSuchMethodError'{0x00000000d55d30e8}: 'java.lang.Object java.lang.invoke.DirectMethodHandle$Holder.invokeStatic(java.lang.Object, java.lang.Object, java.lang.Object, java.lang.Object, java.lang.Object, java.lang.Object, java.lang.Object, java.lang.Object, java.lang.Object, java.lang.Object)'> (0x00000000d55d30e8) 
thrown [s\open\src\hotspot\share\interpreter\linkResolver.cpp, line 805]
Event: 8.217 Thread 0x0000022b14ad6d40 Exception <a 'java/lang/NoSuchMethodError'{0x00000000d565cd20}: static Lorg/eclipse/m2e/core/internal/lifecyclemapping/model/PluginExecutionMetadata;.<clinit>()V> (0x00000000d565cd20) 
thrown [s\open\src\hotspot\share\prims\jni.cpp, line 1108]
Event: 8.224 Thread 0x0000022b14ad6d40 Exception <a 'java/lang/NoSuchMethodError'{0x00000000d56a8700}: static Lorg/eclipse/m2e/core/internal/lifecyclemapping/model/PluginExecutionFilter;.<clinit>()V> (0x00000000d56a8700) 
thrown [s\open\src\hotspot\share\prims\jni.cpp, line 1108]
Event: 8.228 Thread 0x0000022b14ad6d40 Exception <a 'java/lang/NoSuchMethodError'{0x00000000d56d6028}: static Lorg/eclipse/m2e/core/internal/project/registry/MavenProjectFacade$MavenProjectConfiguration;.<clinit>()V> (0x00000000d56d6028) 
thrown [s\open\src\hotspot\share\prims\jni.cpp, line 1108]

VM Operations (20 events):
Event: 5.636 Executing VM operation: HandshakeAllThreads (Deoptimize)
Event: 5.636 Executing VM operation: HandshakeAllThreads (Deoptimize) done
Event: 5.638 Executing VM operation: HandshakeAllThreads (Deoptimize)
Event: 5.638 Executing VM operation: HandshakeAllThreads (Deoptimize) done
Event: 5.640 Executing VM operation: ParallelCollectForAllocation (Allocation Failure)
Event: 5.649 Executing VM operation: ParallelCollectForAllocation (Allocation Failure) done
Event: 5.949 Executing VM operation: HandshakeAllThreads (Deoptimize)
Event: 5.950 Executing VM operation: HandshakeAllThreads (Deoptimize) done
Event: 6.035 Executing VM operation: HandshakeAllThreads (Deoptimize)
Event: 6.036 Executing VM operation: HandshakeAllThreads (Deoptimize) done
Event: 6.745 Executing VM operation: HandshakeAllThreads (Deoptimize)
Event: 6.746 Executing VM operation: HandshakeAllThreads (Deoptimize) done
Event: 6.763 Executing VM operation: HandshakeAllThreads (Deoptimize)
Event: 6.763 Executing VM operation: HandshakeAllThreads (Deoptimize) done
Event: 7.019 Executing VM operation: ParallelCollectForAllocation (Allocation Failure)
Event: 7.026 Executing VM operation: ParallelCollectForAllocation (Allocation Failure) done
Event: 7.999 Executing VM operation: HandshakeAllThreads (Deoptimize)
Event: 7.999 Executing VM operation: HandshakeAllThreads (Deoptimize) done
Event: 8.151 Executing VM operation: CollectForMetadataAllocation (Metadata GC Threshold)
Event: 8.192 Executing VM operation: CollectForMetadataAllocation (Metadata GC Threshold) done

Memory protections (0 events):
No events

Nmethod flushes (0 events):
No events

Events (20 events):
Event: 0.492 Thread 0x0000022b121f4fe0 Thread added: 0x0000022b13645e00
Event: 0.614 Thread 0x0000022b13645e00 Thread exited: 0x0000022b13645e00
Event: 0.912 Thread 0x0000022ab73c28f0 Thread added: 0x0000022b136467d0
Event: 1.273 Thread 0x0000022ab747e110 Thread added: 0x0000022b149eb3a0
Event: 2.315 Thread 0x0000022b149eb3a0 Thread exited: 0x0000022b149eb3a0
Event: 2.451 Thread 0x0000022ab747e110 Thread added: 0x0000022b14a1b890
Event: 2.950 Thread 0x0000022ab73c28f0 Thread added: 0x0000022b14b4c620
Event: 3.428 Thread 0x0000022ab73c28f0 Thread added: 0x0000022b19030d10
Event: 3.482 Thread 0x0000022b19030d10 Thread added: 0x0000022b14ad6600
Event: 3.487 Thread 0x0000022ab73c28f0 Thread added: 0x0000022b14ad6d40
Event: 4.162 Thread 0x0000022b14ad6d40 Thread added: 0x0000022b192e7c60
Event: 4.242 Thread 0x0000022b14a1b890 Thread exited: 0x0000022b14a1b890
Event: 4.873 Thread 0x0000022b14ad6d40 Thread added: 0x0000022b14a93790
Event: 5.315 Thread 0x0000022b14ad6d40 Thread added: 0x0000022b14a94630
Event: 5.574 Thread 0x0000022ab747e110 Thread added: 0x0000022b19630160
Event: 6.124 Thread 0x0000022b14ad6d40 Thread added: 0x0000022b14a94d80
Event: 6.249 Thread 0x0000022b19630160 Thread exited: 0x0000022b19630160
Event: 6.288 Thread 0x0000022b14ad6d40 Thread added: 0x0000022b14a954d0
Event: 6.360 Thread 0x0000022b14ad6d40 Thread added: 0x0000022b14a95c20
Event: 7.705 Thread 0x0000022ab747e110 Thread added: 0x0000022b14717040


Dynamic libraries:
0x00007ff7919c0000 - 0x00007ff7919d0000 	D:\Program Files (x86)\jdk24\bin\java.exe
0x00007ffc1afa0000 - 0x00007ffc1b207000 	C:\WINDOWS\SYSTEM32\ntdll.dll
0x00007ffc18d40000 - 0x00007ffc18e09000 	C:\WINDOWS\System32\KERNEL32.DLL
0x00007ffc18320000 - 0x00007ffc1870f000 	C:\WINDOWS\System32\KERNELBASE.dll
0x00007ffc18b60000 - 0x00007ffc18cab000 	C:\WINDOWS\System32\ucrtbase.dll
0x00007ffbc89a0000 - 0x00007ffbc89bb000 	D:\Program Files (x86)\jdk24\bin\VCRUNTIME140.dll
0x00007ffbc6a70000 - 0x00007ffbc6a86000 	D:\Program Files (x86)\jdk24\bin\jli.dll
0x00007ffc19950000 - 0x00007ffc19b15000 	C:\WINDOWS\System32\USER32.dll
0x00007ffc03c50000 - 0x00007ffc03ee3000 	C:\WINDOWS\WinSxS\amd64_microsoft.windows.common-controls_6595b64144ccf1df_6.0.26100.7309_none_3e05feeae336a044\COMCTL32.dll
0x00007ffc189c0000 - 0x00007ffc189e7000 	C:\WINDOWS\System32\win32u.dll
0x00007ffc1aa20000 - 0x00007ffc1aac9000 	C:\WINDOWS\System32\msvcrt.dll
0x00007ffc19eb0000 - 0x00007ffc19edb000 	C:\WINDOWS\System32\GDI32.dll
0x00007ffc18890000 - 0x00007ffc189bc000 	C:\WINDOWS\System32\gdi32full.dll
0x00007ffc18ab0000 - 0x00007ffc18b53000 	C:\WINDOWS\System32\msvcp_win.dll
0x00007ffc19210000 - 0x00007ffc19241000 	C:\WINDOWS\System32\IMM32.DLL
0x00007ffbe61f0000 - 0x00007ffbe61fc000 	D:\Program Files (x86)\jdk24\bin\vcruntime140_1.dll
0x00007ffbc3940000 - 0x00007ffbc39ce000 	D:\Program Files (x86)\jdk24\bin\msvcp140.dll
0x00007ffaeedc0000 - 0x00007ffaefb62000 	D:\Program Files (x86)\jdk24\bin\server\jvm.dll
0x00007ffc193b0000 - 0x00007ffc19464000 	C:\WINDOWS\System32\ADVAPI32.dll
0x00007ffc19710000 - 0x00007ffc197b6000 	C:\WINDOWS\System32\sechost.dll
0x00007ffc18ff0000 - 0x00007ffc19108000 	C:\WINDOWS\System32\RPCRT4.dll
0x00007ffc1a040000 - 0x00007ffc1a0b4000 	C:\WINDOWS\System32\WS2_32.dll
0x00007ffc17f70000 - 0x00007ffc17fce000 	C:\WINDOWS\SYSTEM32\POWRPROF.dll
0x00007ffc0e990000 - 0x00007ffc0e99b000 	C:\WINDOWS\SYSTEM32\VERSION.dll
0x00007ffc0e890000 - 0x00007ffc0e8c5000 	C:\WINDOWS\SYSTEM32\WINMM.dll
0x00007ffc17f30000 - 0x00007ffc17f44000 	C:\WINDOWS\SYSTEM32\UMPDC.dll
0x00007ffc16ea0000 - 0x00007ffc16ebb000 	C:\WINDOWS\SYSTEM32\kernel.appcore.dll
0x00007ffbc9620000 - 0x00007ffbc962a000 	D:\Program Files (x86)\jdk24\bin\jimage.dll
0x00007ffc0daf0000 - 0x00007ffc0dd32000 	C:\WINDOWS\SYSTEM32\DBGHELP.DLL
0x00007ffc19b20000 - 0x00007ffc19ea5000 	C:\WINDOWS\System32\combase.dll
0x00007ffc19870000 - 0x00007ffc19946000 	C:\WINDOWS\System32\OLEAUT32.dll
0x00007ffc030e0000 - 0x00007ffc0311c000 	C:\WINDOWS\SYSTEM32\dbgcore.DLL
0x00007ffc180f0000 - 0x00007ffc18195000 	C:\WINDOWS\System32\bcryptPrimitives.dll
0x00007ffbc8f30000 - 0x00007ffbc8f3f000 	D:\Program Files (x86)\jdk24\bin\instrument.dll
0x00007ffbc6a50000 - 0x00007ffbc6a6e000 	D:\Program Files (x86)\jdk24\bin\java.dll
0x00007ffc19570000 - 0x00007ffc19707000 	C:\WINDOWS\System32\ole32.dll
0x00007ffc1a150000 - 0x00007ffc1a8a3000 	C:\WINDOWS\System32\SHELL32.dll
0x00007ffc18720000 - 0x00007ffc1888a000 	C:\WINDOWS\System32\wintypes.dll
0x00007ffc15c10000 - 0x00007ffc1646e000 	C:\WINDOWS\SYSTEM32\windows.storage.dll
0x00007ffc19ee0000 - 0x00007ffc19fd5000 	C:\WINDOWS\System32\SHCORE.dll
0x00007ffc1a0e0000 - 0x00007ffc1a146000 	C:\WINDOWS\System32\shlwapi.dll
0x00007ffc18010000 - 0x00007ffc18039000 	C:\WINDOWS\SYSTEM32\profapi.dll
0x00007ffbb6910000 - 0x00007ffbb69e7000 	D:\Program Files (x86)\jdk24\bin\jsvml.dll
0x00007ffbc60f0000 - 0x00007ffbc6107000 	D:\Program Files (x86)\jdk24\bin\zip.dll
0x00007ffbc8bb0000 - 0x00007ffbc8bc0000 	D:\Program Files (x86)\jdk24\bin\net.dll
0x00007ffc17410000 - 0x00007ffc1747b000 	C:\WINDOWS\system32\mswsock.dll
0x00007ffbc60d0000 - 0x00007ffbc60e6000 	D:\Program Files (x86)\jdk24\bin\nio.dll
0x00007ffbc87c0000 - 0x00007ffbc87d0000 	D:\Program Files (x86)\jdk24\bin\verify.dll
0x00007ffbbe3e0000 - 0x00007ffbbe424000 	C:\Users\123\AppData\Roaming\Code\User\globalStorage\redhat.java\1.50.0\config_win\org.eclipse.equinox.launcher\org.eclipse.equinox.launcher.win32.win32.x86_64_1.2.1400.v20250801-0854\eclipse_11916.dll
0x00007ffc176d0000 - 0x00007ffc176eb000 	C:\WINDOWS\SYSTEM32\CRYPTSP.dll
0x00007ffc16e00000 - 0x00007ffc16e3a000 	C:\WINDOWS\system32\rsaenh.dll
0x00007ffc174c0000 - 0x00007ffc174eb000 	C:\WINDOWS\SYSTEM32\USERENV.dll
0x00007ffc17fe0000 - 0x00007ffc1800a000 	C:\WINDOWS\SYSTEM32\bcrypt.dll
0x00007ffc176f0000 - 0x00007ffc176fc000 	C:\WINDOWS\SYSTEM32\CRYPTBASE.dll
0x00007ffc168b0000 - 0x00007ffc168e4000 	C:\WINDOWS\SYSTEM32\IPHLPAPI.DLL
0x00007ffc1a0d0000 - 0x00007ffc1a0da000 	C:\WINDOWS\System32\NSI.dll
0x00007ffbc2840000 - 0x00007ffbc2889000 	C:\Users\123\AppData\Local\Temp\jna-48690\jna10487964034439664026.dll
0x00007ffc19310000 - 0x00007ffc19318000 	C:\WINDOWS\System32\PSAPI.DLL

dbghelp: loaded successfully - version: 4.0.5 - missing functions: none
symbol engine: initialized successfully - sym options: 0x614 - pdb path: .;D:\Program Files (x86)\jdk24\bin;C:\WINDOWS\SYSTEM32;C:\WINDOWS\WinSxS\amd64_microsoft.windows.common-controls_6595b64144ccf1df_6.0.26100.7309_none_3e05feeae336a044;D:\Program Files (x86)\jdk24\bin\server;C:\Users\123\AppData\Roaming\Code\User\globalStorage\redhat.java\1.50.0\config_win\org.eclipse.equinox.launcher\org.eclipse.equinox.launcher.win32.win32.x86_64_1.2.1400.v20250801-0854;C:\Users\123\AppData\Local\Temp\jna-48690

VM Arguments:
jvm_args: -Djdk.xml.maxGeneralEntitySizeLimit=0 -Djdk.xml.totalEntitySizeLimit=0 --add-modules=ALL-SYSTEM --add-opens=java.base/java.util=ALL-UNNAMED --add-opens=java.base/java.lang=ALL-UNNAMED --add-opens=java.base/sun.nio.fs=ALL-UNNAMED -Declipse.application=org.eclipse.jdt.ls.core.id1 -Dosgi.bundles.defaultStartLevel=4 -Declipse.product=org.eclipse.jdt.ls.core.product -Djava.import.generatesMetadataFilesAtProjectRoot=false -DDetectVMInstallationsJob.disabled=true -Dfile.encoding=utf8 -XX:+UseParallelGC -XX:GCTimeRatio=4 -XX:AdaptiveSizePolicyWeight=90 -Dsun.zip.disableMemoryMapping=true -Xmx2G -Xms100m -Xlog:disable -javaagent:c:\Users\123\.vscode\extensions\redhat.java-1.50.0-win32-x64\lombok\lombok-1.18.39-4050.jar -XX:+HeapDumpOnOutOfMemoryError -XX:HeapDumpPath=c:\Users\123\AppData\Roaming\Code\User\workspaceStorage\2cc405f30aae85d7a1511c0595a4f7e2\redhat.java -Daether.dependencyCollector.impl=bf 
java_command: c:\Users\123\.vscode\extensions\redhat.java-1.50.0-win32-x64\server\plugins\org.eclipse.equinox.launcher_1.7.100.v20251111-0406.jar -configuration c:\Users\123\AppData\Roaming\Code\User\globalStorage\redhat.java\1.50.0\config_win -data c:\Users\123\AppData\Roaming\Code\User\workspaceStorage\2cc405f30aae85d7a1511c0595a4f7e2\redhat.java\jdt_ws --pipe=\\.\pipe\lsp-d76bd0cd1266549c81e7a058e6bf3ba5-sock
java_class_path (initial): c:\Users\123\.vscode\extensions\redhat.java-1.50.0-win32-x64\server\plugins\org.eclipse.equinox.launcher_1.7.100.v20251111-0406.jar
Launcher Type: SUN_STANDARD

[Global flags]
     uint AdaptiveSizePolicyWeight                 = 90                                        {product} {command line}
     intx CICompilerCount                          = 4                                         {product} {ergonomic}
     uint GCTimeRatio                              = 4                                         {product} {command line}
     bool HeapDumpOnOutOfMemoryError               = true                                   {manageable} {command line}
    ccstr HeapDumpPath                             = c:\Users\123\AppData\Roaming\Code\User\workspaceStorage\2cc405f30aae85d7a1511c0595a4f7e2\redhat.java         {manageable} {command line}
   size_t InitialHeapSize                          = 104857600                                 {product} {command line}
   size_t MaxHeapSize                              = 2147483648                                {product} {command line}
   size_t MaxNewSize                               = 715653120                                 {product} {ergonomic}
   size_t MinHeapDeltaBytes                        = 524288                                    {product} {ergonomic}
   size_t MinHeapSize                              = 104857600                                 {product} {command line}
   size_t NewSize                                  = 34603008                                  {product} {ergonomic}
    uintx NonNMethodCodeHeapSize                   = 5832704                                {pd product} {ergonomic}
    uintx NonProfiledCodeHeapSize                  = 122945536                              {pd product} {ergonomic}
    uintx ProfiledCodeHeapSize                     = 122880000                              {pd product} {ergonomic}
    uintx ReservedCodeCacheSize                    = 251658240                              {pd product} {ergonomic}
     bool SegmentedCodeCache                       = true                                      {product} {ergonomic}
   size_t SoftMaxHeapSize                          = 2147483648                             {manageable} {ergonomic}
     bool UseCompressedOops                        = true                           {product lp64_product} {ergonomic}
     bool UseLargePagesIndividualAllocation        = false                                  {pd product} {ergonomic}
     bool UseParallelGC                            = true                                      {product} {command line}

Logging:
Log output configuration:
 #0: stdout all=off uptime,level,tags foldmultilines=false
 #1: stderr all=off uptime,level,tags foldmultilines=false

Environment Variables:
JAVA_HOME=D:\Program Files (x86)\jdk24
PATH=C:\Program Files\Eclipse Adoptium\jdk-17.0.17.10-hotspot\bin;D:\Program Files (x86)\bin\;C:\Program Files\Microsoft MPI\Bin\;D:\Program Files (x86)\apache-maven-3.9.9-bin\apache-maven-3.9.9\bin;D:\Program Files (x86)\jdk24\bin;C:\Program Files\Common Files\Oracle\Java\javapath;E:\app\123\product\11.2.0\client_2\bin;E:\app\123\product\11.2.0\client_1;C:\WINDOWS\system32;C:\WINDOWS;C:\WINDOWS\System32\Wbem;C:\WINDOWS\System32\WindowsPowerShell\v1.0\;C:\WINDOWS\System32\OpenSSH\;C:\Program Files\mingw64\bin;C:\Users\123\.dnx\bin;C:\Program Files\Microsoft DNX\Dnvm\;C:\Program Files (x86)\Windows Kits\8.1\Windows Performance Toolkit\;D:\Git\cmd;C:\Program Files\MySQL\MySQL Server 8.4\bin;D:\Dev-Cpp\MinGW64\bin;%CATALINA%\bin;C:\Program Files\PuTTY\;D:\Program Files (x86)\nodejs\;C:\Users\123\AppData\Local\Programs\Python\Python313\Scripts\;C:\Users\123\AppData\Local\Programs\Python\Python313\;D:\iverilog\bin;D:\Program Files (x86)\jdk11\bin;;D:\PyCharm 2024.3.1.1\bin;;D:\PyCharm Community Edition 2024.1.1\bin;;C:\Users\123\AppData\Local\Programs\Microsoft VS Code\bin;D:\ai_code\cursor\resources\app\bin;C:\Users\123\AppData\Local\Microsoft\WindowsApps;D:\Program Files (x86)\JetBrains\IntelliJ IDEA 2022.3.3\bin;;C:\Users\123\AppData\Roaming\npm
USERNAME=123
OS=Windows_NT
PROCESSOR_IDENTIFIER=AMD64 Family 23 Model 104 Stepping 1, AuthenticAMD
TMP=C:\Users\123\AppData\Local\Temp
TEMP=C:\Users\123\AppData\Local\Temp




Periodic native trim disabled

---------------  S Y S T E M  ---------------

OS:
 Windows 11 , 64 bit Build 26100 (10.0.26100.7309)
OS uptime: 4 days 22:37 hours

CPU: total 12 (initial active 12) (12 cores per cpu, 2 threads per core) family 23 model 104 stepping 1 microcode 0x8608103, cx8, cmov, fxsr, ht, mmx, 3dnowpref, sse, sse2, sse3, ssse3, sse4a, sse4.1, sse4.2, popcnt, lzcnt, tsc, tscinvbit, avx, avx2, aes, clmul, bmi1, bmi2, adx, sha, fma, vzeroupper, clflush, clflushopt, rdtscp, rdpid, f16c
Processor Information for processor 0
  Max Mhz: 2100, Current Mhz: 2100, Mhz Limit: 2100
Processor Information for processor 1
  Max Mhz: 2100, Current Mhz: 2100, Mhz Limit: 2100
Processor Information for processor 2
  Max Mhz: 2100, Current Mhz: 2100, Mhz Limit: 2100
Processor Information for processor 3
  Max Mhz: 2100, Current Mhz: 2100, Mhz Limit: 2100
Processor Information for processor 4
  Max Mhz: 2100, Current Mhz: 2100, Mhz Limit: 2100
Processor Information for processor 5
  Max Mhz: 2100, Current Mhz: 2100, Mhz Limit: 2100
Processor Information for processor 6
  Max Mhz: 2100, Current Mhz: 1813, Mhz Limit: 2100
Processor Information for processor 7
  Max Mhz: 2100, Current Mhz: 2100, Mhz Limit: 2100
Processor Information for processor 8
  Max Mhz: 2100, Current Mhz: 2100, Mhz Limit: 2100
Processor Information for processor 9
  Max Mhz: 2100, Current Mhz: 2100, Mhz Limit: 2100
Processor Information for processor 10
  Max Mhz: 2100, Current Mhz: 2100, Mhz Limit: 2100
Processor Information for processor 11
  Max Mhz: 2100, Current Mhz: 2100, Mhz Limit: 2100

Memory: 4k page, system-wide physical 5989M (450M free)
TotalPageFile size 21294M (AvailPageFile size 28M)
current process WorkingSet (physical memory assigned to process): 167M, peak: 167M
current process commit charge ("private bytes"): 272M, peak: 272M

vm_info: Java HotSpot(TM) 64-Bit Server VM (24+36-3646) for windows-amd64 JRE (24+36-3646), built on 2025-02-06T00:20:43Z with MS VC++ 17.6 (VS2022)

END.
